<?xml version="1.0" encoding="UTF-8"?>
<testsuites name="Mocha Tests" time="3.250" tests="1" failures="0">
  <testsuite name="Root Suite" timestamp="2023-11-06T13:11:02" tests="0" file="cypress\integration\advance.cy.js" time="0.000" failures="0">
  </testsuite>
  <testsuite name="Alias And Fixtures" timestamp="2023-11-06T13:11:02" tests="1" time="3.240" failures="0">
    <testcase name="Alias And Fixtures Environment variables" time="1.210" classname="Environment variables">
    </testcase>
  </testsuite>
</testsuites>