<?xml version="1.0" encoding="UTF-8"?>
<testsuites name="Mocha Tests" time="3.282" tests="1" failures="0">
  <testsuite name="Root Suite" timestamp="2023-11-06T16:19:54" tests="0" file="cypress\integration\advance.cy.js" time="0.000" failures="0">
  </testsuite>
  <testsuite name="Alias And Fixtures" timestamp="2023-11-06T16:19:54" tests="1" time="3.278" failures="0">
    <testcase name="Alias And Fixtures Environment variables" time="1.295" classname="Environment variables">
    </testcase>
  </testsuite>
</testsuites>