<?xml version="1.0" encoding="UTF-8"?>
<testsuites name="Mocha Tests" time="3.548" tests="1" failures="0">
  <testsuite name="Root Suite" timestamp="2023-11-06T19:47:34" tests="0" file="cypress\integration\advance.cy.js" time="0.000" failures="0">
  </testsuite>
  <testsuite name="Alias And Fixtures" timestamp="2023-11-06T19:47:34" tests="1" time="3.541" failures="0">
    <testcase name="Alias And Fixtures Environment variables" time="1.244" classname="Environment variables">
    </testcase>
  </testsuite>
</testsuites>